<?xml version="1.0" encoding="utf-8"?><testsuites name="pytest tests"><testsuite name="pytest" errors="0" failures="0" skipped="0" tests="15" time="5.668" timestamp="2026-06-30T07:30:17.811863+00:00" hostname="agent-env-47367a40-1046-42f5-8615-a1e4a2cf556d"><testcase classname="backend.tests.test_knook_backend.TestAuth" name="test_request_otp_returns_dev_code" time="0.282" /><testcase classname="backend.tests.test_knook_backend.TestAuth" name="test_request_otp_invalid_phone" time="0.176" /><testcase classname="backend.tests.test_knook_backend.TestAuth" name="test_verify_otp_new_user" time="0.225" /><testcase classname="backend.tests.test_knook_backend.TestAuth" name="test_verify_otp_existing_user_returns_same_uid" time="0.506" /><testcase classname="backend.tests.test_knook_backend.TestAuth" name="test_verify_otp_accepts_any_six_digit_code" time="0.226" /><testcase classname="backend.tests.test_knook_backend.TestUsers" name="test_get_me_requires_auth" time="0.128" /><testcase classname="backend.tests.test_knook_backend.TestUsers" name="test_update_and_get_me" time="0.395" /><testcase classname="backend.tests.test_knook_backend.TestCrushes" name="test_add_crush_does_not_store_raw_phone" time="0.331" /><testcase classname="backend.tests.test_knook_backend.TestCrushes" name="test_cannot_crush_self" time="0.286" /><testcase classname="backend.tests.test_knook_backend.TestMutualMatchFlow" name="test_pending_reveal_not_in_matches" time="0.803" /><testcase classname="backend.tests.test_knook_backend.TestMutualMatchFlow" name="test_dev_trigger_reveal_activates" time="0.203" /><testcase classname="backend.tests.test_knook_backend.TestMutualMatchFlow" name="test_send_message_returns_json_not_500" time="0.208" /><testcase classname="backend.tests.test_knook_backend.TestMutualMatchFlow" name="test_reveal_flow" time="0.564" /><testcase classname="backend.tests.test_knook_backend.TestMutualMatchFlow" name="test_unhook_removes_match_and_soft_deletes" time="0.397" /><testcase classname="backend.tests.test_knook_backend.TestNonActiveProtections" name="test_send_message_on_pending_reveal_is_403" time="0.728" /></testsuite></testsuites>